2022-01-18T04:44:52.305Z
Total training files: 2000 with 2 classes. Resizing and Creating Features and Labels...
Total testing files: 624 with 2 classes. Creating Features and Labels...
Features and Labels created.
Creating Tensors with One-Hot Label Array...
Tensors created.
Creating Model...
_________________________________________________________________
Layer (type)                 Output shape              Param #   
=================================================================
conv2d_Conv2D1 (Conv2D)      [null,256,256,32]         896       
_________________________________________________________________
batch_normalization_BatchNor [null,256,256,32]         128       
_________________________________________________________________
max_pooling2d_MaxPooling2D1  [null,128,128,32]         0         
_________________________________________________________________
conv2d_Conv2D2 (Conv2D)      [null,128,128,64]         18496     
_________________________________________________________________
dropout_Dropout1 (Dropout)   [null,128,128,64]         0         
_________________________________________________________________
batch_normalization_BatchNor [null,128,128,64]         256       
_________________________________________________________________
max_pooling2d_MaxPooling2D2  [null,64,64,64]           0         
_________________________________________________________________
conv2d_Conv2D3 (Conv2D)      [null,64,64,64]           36928     
_________________________________________________________________
batch_normalization_BatchNor [null,64,64,64]           256       
_________________________________________________________________
max_pooling2d_MaxPooling2D3  [null,32,32,64]           0         
_________________________________________________________________
conv2d_Conv2D4 (Conv2D)      [null,32,32,128]          73856     
_________________________________________________________________
dropout_Dropout2 (Dropout)   [null,32,32,128]          0         
_________________________________________________________________
batch_normalization_BatchNor [null,32,32,128]          512       
_________________________________________________________________
max_pooling2d_MaxPooling2D4  [null,16,16,128]          0         
_________________________________________________________________
conv2d_Conv2D5 (Conv2D)      [null,16,16,256]          295168    
_________________________________________________________________
dropout_Dropout3 (Dropout)   [null,16,16,256]          0         
_________________________________________________________________
batch_normalization_BatchNor [null,16,16,256]          1024      
_________________________________________________________________
max_pooling2d_MaxPooling2D5  [null,8,8,256]            0         
_________________________________________________________________
flatten_Flatten1 (Flatten)   [null,16384]              0         
_________________________________________________________________
dense_Dense1 (Dense)         [null,128]                2097280   
_________________________________________________________________
dropout_Dropout4 (Dropout)   [null,128]                0         
_________________________________________________________________
dense_Dense2 (Dense)         [null,2]                  258       
=================================================================
Total params: 2525058
Trainable params: 2523970
Non-trainable params: 1088
_________________________________________________________________
Model created.
Training Model...
loss: Tensor
    0.35625433921813965
acc: Tensor
    0.8629807829856873
Model trained and saved.
