2022-02-25T16:32:27.272Z
Total training files: 2000 with 2 classes. Resizing and Creating Features and Labels...
Total testing files: 624 with 2 classes. Creating Features and Labels...
Features and Labels created.
Creating Tensors with One-Hot Label Array...
Tensors created.
Creating Model...
_________________________________________________________________
Layer (type)                 Output shape              Param #   
=================================================================
conv2d_Conv2D1 (Conv2D)      [null,256,256,32]         896       
_________________________________________________________________
batch_normalization_BatchNor [null,256,256,32]         128       
_________________________________________________________________
max_pooling2d_MaxPooling2D1  [null,128,128,32]         0         
_________________________________________________________________
conv2d_Conv2D2 (Conv2D)      [null,128,128,64]         18496     
_________________________________________________________________
dropout_Dropout1 (Dropout)   [null,128,128,64]         0         
_________________________________________________________________
batch_normalization_BatchNor [null,128,128,64]         256       
_________________________________________________________________
max_pooling2d_MaxPooling2D2  [null,64,64,64]           0         
_________________________________________________________________
conv2d_Conv2D3 (Conv2D)      [null,64,64,64]           36928     
_________________________________________________________________
batch_normalization_BatchNor [null,64,64,64]           256       
_________________________________________________________________
max_pooling2d_MaxPooling2D3  [null,32,32,64]           0         
_________________________________________________________________
conv2d_Conv2D4 (Conv2D)      [null,32,32,128]          73856     
_________________________________________________________________
dropout_Dropout2 (Dropout)   [null,32,32,128]          0         
_________________________________________________________________
batch_normalization_BatchNor [null,32,32,128]          512       
_________________________________________________________________
max_pooling2d_MaxPooling2D4  [null,16,16,128]          0         
_________________________________________________________________
conv2d_Conv2D5 (Conv2D)      [null,16,16,256]          295168    
_________________________________________________________________
dropout_Dropout3 (Dropout)   [null,16,16,256]          0         
_________________________________________________________________
batch_normalization_BatchNor [null,16,16,256]          1024      
_________________________________________________________________
max_pooling2d_MaxPooling2D5  [null,8,8,256]            0         
_________________________________________________________________
flatten_Flatten1 (Flatten)   [null,16384]              0         
_________________________________________________________________
dense_Dense1 (Dense)         [null,128]                2097280   
_________________________________________________________________
dropout_Dropout4 (Dropout)   [null,128]                0         
_________________________________________________________________
dense_Dense2 (Dense)         [null,2]                  258       
=================================================================
Total params: 2525058
Trainable params: 2523970
Non-trainable params: 1088
_________________________________________________________________
Model created.
Training Model...
Training started
Epoch 0: Loss: 1.066, Accuracy: 0.873, Validation Loss: 2.297, Validation Accuracy: 0.545
Epoch 1: Loss: 0.184, Accuracy: 0.953, Validation Loss: 0.881, Validation Accuracy: 0.757
Epoch 2: Loss: 0.148, Accuracy: 0.963, Validation Loss: 0.266, Validation Accuracy: 0.905
Epoch 3: Loss: 0.128, Accuracy: 0.964, Validation Loss: 0.270, Validation Accuracy: 0.902
Epoch 4: Loss: 0.118, Accuracy: 0.978, Validation Loss: 0.193, Validation Accuracy: 0.928
Training ended
loss: Tensor
    0.501844584941864
acc: Tensor
    0.8461538553237915
Model trained and saved.
